[ 2016-11-14T20:43:31+08:00 ] 127.0.0.1 /index.php/Note/discuss.html
INFO: [ app_init ] --START--
INFO: Run Behavior\BuildLiteBehavior [ RunTime:0.000000s ]
INFO: [ app_init ] --END-- [ RunTime:0.000000s ]
INFO: [ app_begin ] --START--
INFO: Run Behavior\ReadHtmlCacheBehavior [ RunTime:0.001000s ]
INFO: [ app_begin ] --END-- [ RunTime:0.001000s ]
NOTIC: [8] A session had already been started - ignoring session_start() F:\Code\PHP\ThinkPHP\ThinkPhpCode\ThinkPHP\Common\functions.php 第 1263 行.
SQL: SHOW COLUMNS FROM `h_note` [ RunTime:0.0250s ]
SQL: SELECT `id` FROM `h_note` WHERE ( name='css测试' and type='css' )  [ RunTime:0.0230s ]
SQL: SHOW COLUMNS FROM `h_note_discuss` [ RunTime:0.0240s ]
SQL: INSERT INTO `h_note_discuss` (`name`,`content`,`date`) VALUES ('哈哈哈','哈哈哈','1479127411') [ RunTime:0.0250s ]
INFO: [ app_end ] --START--
INFO: Run Behavior\ShowPageTraceBehavior [ RunTime:0.001000s ]
INFO: [ app_end ] --END-- [ RunTime:0.001000s ]

[ 2016-11-14T20:46:30+08:00 ] 127.0.0.1 /index.php/Note/discuss.html
INFO: [ app_init ] --START--
INFO: Run Behavior\BuildLiteBehavior [ RunTime:0.000000s ]
INFO: [ app_init ] --END-- [ RunTime:0.000000s ]
INFO: [ app_begin ] --START--
INFO: Run Behavior\ReadHtmlCacheBehavior [ RunTime:0.001000s ]
INFO: [ app_begin ] --END-- [ RunTime:0.001000s ]
NOTIC: [8] A session had already been started - ignoring session_start() F:\Code\PHP\ThinkPHP\ThinkPhpCode\ThinkPHP\Common\functions.php 第 1263 行.
SQL: SHOW COLUMNS FROM `h_note` [ RunTime:0.0230s ]
SQL: SELECT `id` FROM `h_note` WHERE ( name='css测试' and type='css' )  [ RunTime:0.0240s ]
SQL: SHOW COLUMNS FROM `h_note_discuss` [ RunTime:0.0240s ]
SQL: INSERT INTO `h_note_discuss` (`name`,`content`,`date`) VALUES ('哈哈哈','哈哈哈','1479127590') [ RunTime:0.0230s ]
INFO: [ app_end ] --START--
INFO: Run Behavior\ShowPageTraceBehavior [ RunTime:0.001000s ]
INFO: [ app_end ] --END-- [ RunTime:0.001000s ]

[ 2016-11-14T20:47:29+08:00 ] 127.0.0.1 /index.php/Note/discuss.html
INFO: [ app_init ] --START--
INFO: Run Behavior\BuildLiteBehavior [ RunTime:0.000000s ]
INFO: [ app_init ] --END-- [ RunTime:0.001000s ]
INFO: [ app_begin ] --START--
INFO: Run Behavior\ReadHtmlCacheBehavior [ RunTime:0.000000s ]
INFO: [ app_begin ] --END-- [ RunTime:0.000000s ]
NOTIC: [8] A session had already been started - ignoring session_start() F:\Code\PHP\ThinkPHP\ThinkPhpCode\ThinkPHP\Common\functions.php 第 1263 行.
SQL: SHOW COLUMNS FROM `h_note` [ RunTime:0.0240s ]
SQL: SELECT `id` FROM `h_note` WHERE ( name='css测试' and type='css' )  [ RunTime:0.0240s ]
SQL: SHOW COLUMNS FROM `h_note_discuss` [ RunTime:0.0240s ]
SQL: INSERT INTO `h_note_discuss` (`name`,`content`,`date`) VALUES ('哈哈哈','哈哈哈','1479127649') [ RunTime:0.0240s ]
INFO: [ app_end ] --START--
INFO: Run Behavior\ShowPageTraceBehavior [ RunTime:0.001000s ]
INFO: [ app_end ] --END-- [ RunTime:0.001000s ]

[ 2016-11-14T20:48:00+08:00 ] 127.0.0.1 /index.php/Note/discuss.html
INFO: [ app_init ] --START--
INFO: Run Behavior\BuildLiteBehavior [ RunTime:0.000000s ]
INFO: [ app_init ] --END-- [ RunTime:0.001000s ]
INFO: [ app_begin ] --START--
INFO: Run Behavior\ReadHtmlCacheBehavior [ RunTime:0.001000s ]
INFO: [ app_begin ] --END-- [ RunTime:0.001000s ]
NOTIC: [8] A session had already been started - ignoring session_start() F:\Code\PHP\ThinkPHP\ThinkPhpCode\ThinkPHP\Common\functions.php 第 1263 行.
SQL: SHOW COLUMNS FROM `h_note` [ RunTime:0.0240s ]
SQL: SELECT `id` FROM `h_note` WHERE ( name='css测试' and type='css' )  [ RunTime:0.0250s ]
SQL: SHOW COLUMNS FROM `h_note_discuss` [ RunTime:0.0250s ]
SQL: INSERT INTO `h_note_discuss` (`name`,`content`,`date`) VALUES ('哈哈哈','哈哈哈','1479127680') [ RunTime:0.0240s ]
NOTIC: [2] Invalid argument supplied for foreach() F:\Code\PHP\ThinkPHP\ThinkPhpCode\ThinkPHP\Library\Think\Model.class.php 第 267 行.
SQL: SHOW COLUMNS FROM `h_note_discuss` [ RunTime:0.0470s ]
NOTIC: [2] Invalid argument supplied for foreach() F:\Code\PHP\ThinkPHP\ThinkPhpCode\ThinkPHP\Library\Think\Db\Driver.class.php 第 372 行.
NOTIC: [8] Undefined variable: set F:\Code\PHP\ThinkPHP\ThinkPhpCode\ThinkPHP\Library\Think\Db\Driver.class.php 第 387 行.
NOTIC: [2] implode(): Invalid arguments passed F:\Code\PHP\ThinkPHP\ThinkPhpCode\ThinkPHP\Library\Think\Db\Driver.class.php 第 387 行.
ERR: 1064:You have an error in your SQL syntax; check the manual that corresponds to your MySQL server version for the right syntax to use near 'WHERE ( id='21' )' at line 1
 [ SQL语句 ] : UPDATE `h_note_discuss` SET  WHERE ( id='21' )
ERR: 1064:You have an error in your SQL syntax; check the manual that corresponds to your MySQL server version for the right syntax to use near 'WHERE ( id='21' )' at line 1
 [ SQL语句 ] : UPDATE `h_note_discuss` SET  WHERE ( id='21' )

[ 2016-11-14T20:48:09+08:00 ] 127.0.0.1 /index.php/Note/discuss.html
INFO: [ app_init ] --START--
INFO: Run Behavior\BuildLiteBehavior [ RunTime:0.000000s ]
INFO: [ app_init ] --END-- [ RunTime:0.001000s ]
INFO: [ app_begin ] --START--
INFO: Run Behavior\ReadHtmlCacheBehavior [ RunTime:0.000000s ]
INFO: [ app_begin ] --END-- [ RunTime:0.000000s ]
NOTIC: [8] A session had already been started - ignoring session_start() F:\Code\PHP\ThinkPHP\ThinkPhpCode\ThinkPHP\Common\functions.php 第 1263 行.
SQL: SHOW COLUMNS FROM `h_note` [ RunTime:0.0250s ]
SQL: SELECT `id` FROM `h_note` WHERE ( name='css测试' and type='css' )  [ RunTime:0.0230s ]
SQL: SHOW COLUMNS FROM `h_note_discuss` [ RunTime:0.0250s ]
SQL: INSERT INTO `h_note_discuss` (`name`,`content`,`date`) VALUES ('哈哈哈','哈哈哈','1479127689') [ RunTime:0.0220s ]
NOTIC: [2] Invalid argument supplied for foreach() F:\Code\PHP\ThinkPHP\ThinkPhpCode\ThinkPHP\Library\Think\Model.class.php 第 267 行.
SQL: SHOW COLUMNS FROM `h_note_discuss` [ RunTime:0.0240s ]
NOTIC: [2] Invalid argument supplied for foreach() F:\Code\PHP\ThinkPHP\ThinkPhpCode\ThinkPHP\Library\Think\Db\Driver.class.php 第 372 行.
NOTIC: [8] Undefined variable: set F:\Code\PHP\ThinkPHP\ThinkPhpCode\ThinkPHP\Library\Think\Db\Driver.class.php 第 387 行.
NOTIC: [2] implode(): Invalid arguments passed F:\Code\PHP\ThinkPHP\ThinkPhpCode\ThinkPHP\Library\Think\Db\Driver.class.php 第 387 行.
ERR: 1064:You have an error in your SQL syntax; check the manual that corresponds to your MySQL server version for the right syntax to use near 'WHERE ( id='22' )' at line 1
 [ SQL语句 ] : UPDATE `h_note_discuss` SET  WHERE ( id='22' )
ERR: 1064:You have an error in your SQL syntax; check the manual that corresponds to your MySQL server version for the right syntax to use near 'WHERE ( id='22' )' at line 1
 [ SQL语句 ] : UPDATE `h_note_discuss` SET  WHERE ( id='22' )

[ 2016-11-14T20:50:09+08:00 ] 127.0.0.1 /index.php/Note/discuss.html
INFO: [ app_init ] --START--
INFO: Run Behavior\BuildLiteBehavior [ RunTime:0.000000s ]
INFO: [ app_init ] --END-- [ RunTime:0.001000s ]
INFO: [ app_begin ] --START--
INFO: Run Behavior\ReadHtmlCacheBehavior [ RunTime:0.001000s ]
INFO: [ app_begin ] --END-- [ RunTime:0.001000s ]
NOTIC: [8] A session had already been started - ignoring session_start() F:\Code\PHP\ThinkPHP\ThinkPhpCode\ThinkPHP\Common\functions.php 第 1263 行.
SQL: SHOW COLUMNS FROM `h_note` [ RunTime:0.0250s ]
SQL: SELECT `id` FROM `h_note` WHERE ( name='css测试' and type='css' )  [ RunTime:0.0250s ]
SQL: SHOW COLUMNS FROM `h_note_discuss` [ RunTime:0.0250s ]
SQL: INSERT INTO `h_note_discuss` (`name`,`content`,`date`) VALUES ('哈哈哈','哈哈哈','1479127809') [ RunTime:0.0240s ]
INFO: [ app_end ] --START--
INFO: Run Behavior\ShowPageTraceBehavior [ RunTime:0.001000s ]
INFO: [ app_end ] --END-- [ RunTime:0.001000s ]

[ 2016-11-14T20:51:40+08:00 ] 127.0.0.1 /index.php/Note/article.html?class=Y3Nz&name=Y3Nz5rWL6K+V
INFO: [ app_init ] --START--
INFO: Run Behavior\BuildLiteBehavior [ RunTime:0.000000s ]
INFO: [ app_init ] --END-- [ RunTime:0.001000s ]
INFO: [ app_begin ] --START--
INFO: Run Behavior\ReadHtmlCacheBehavior [ RunTime:0.001000s ]
INFO: [ app_begin ] --END-- [ RunTime:0.001000s ]
NOTIC: [8] A session had already been started - ignoring session_start() F:\Code\PHP\ThinkPHP\ThinkPhpCode\ThinkPHP\Common\functions.php 第 1263 行.
SQL: SHOW COLUMNS FROM `h_note` [ RunTime:0.0240s ]
SQL: SELECT * FROM `h_note` WHERE `name` = 'css测试' AND `type` = 'css'  [ RunTime:0.0250s ]
SQL: SHOW COLUMNS FROM `h_note_discuss` [ RunTime:0.0250s ]
SQL: SELECT `name`,`content`,`date` FROM `h_note_discuss` WHERE `pids` = '1' AND `status` = 1 ORDER BY id desc  [ RunTime:0.0250s ]
SQL: SELECT count(*) as typenum FROM `h_note` WHERE ( type='css' )  [ RunTime:0.0240s ]
SQL: SELECT `name` FROM `h_note` WHERE ( type='css' ) LIMIT 0,6   [ RunTime:0.0230s ]
INFO: [ view_parse ] --START--
INFO: [ template_filter ] --START--
INFO: Run Behavior\ContentReplaceBehavior [ RunTime:0.000000s ]
INFO: [ template_filter ] --END-- [ RunTime:0.000000s ]
NOTIC: [2] date() expects parameter 2 to be long, string given F:\Code\PHP\ThinkPHP\ThinkPhpCode\Runtime\Cache\Home\958f5ec54ad7d963e017017f19923eb4.php 第 88 行.
NOTIC: [8] Undefined variable: title F:\Code\PHP\ThinkPHP\ThinkPhpCode\Runtime\Cache\Home\958f5ec54ad7d963e017017f19923eb4.php 第 111 行.
NOTIC: [2] date() expects parameter 2 to be long, string given F:\Code\PHP\ThinkPHP\ThinkPhpCode\Runtime\Cache\Home\958f5ec54ad7d963e017017f19923eb4.php 第 180 行.
NOTIC: [2] date() expects parameter 2 to be long, string given F:\Code\PHP\ThinkPHP\ThinkPhpCode\Runtime\Cache\Home\958f5ec54ad7d963e017017f19923eb4.php 第 180 行.
NOTIC: [2] date() expects parameter 2 to be long, string given F:\Code\PHP\ThinkPHP\ThinkPhpCode\Runtime\Cache\Home\958f5ec54ad7d963e017017f19923eb4.php 第 180 行.
INFO: Run Behavior\ParseTemplateBehavior [ RunTime:0.025001s ]
INFO: [ view_parse ] --END-- [ RunTime:0.025001s ]
INFO: [ view_filter ] --START--
INFO: Run Behavior\WriteHtmlCacheBehavior [ RunTime:0.001000s ]
INFO: [ view_filter ] --END-- [ RunTime:0.001000s ]
INFO: [ app_end ] --START--
INFO: Run Behavior\ShowPageTraceBehavior [ RunTime:0.001000s ]
INFO: [ app_end ] --END-- [ RunTime:0.001000s ]

[ 2016-11-14T20:51:44+08:00 ] 127.0.0.1 /index.php/Note/discuss.html
INFO: [ app_init ] --START--
INFO: Run Behavior\BuildLiteBehavior [ RunTime:0.000000s ]
INFO: [ app_init ] --END-- [ RunTime:0.001000s ]
INFO: [ app_begin ] --START--
INFO: Run Behavior\ReadHtmlCacheBehavior [ RunTime:0.000000s ]
INFO: [ app_begin ] --END-- [ RunTime:0.000000s ]
NOTIC: [8] A session had already been started - ignoring session_start() F:\Code\PHP\ThinkPHP\ThinkPhpCode\ThinkPHP\Common\functions.php 第 1263 行.
SQL: SHOW COLUMNS FROM `h_note` [ RunTime:0.0220s ]
SQL: SELECT `id` FROM `h_note` WHERE ( name='css测试' and type='css' )  [ RunTime:0.0230s ]
SQL: SHOW COLUMNS FROM `h_note_discuss` [ RunTime:0.0250s ]
SQL: INSERT INTO `h_note_discuss` (`name`,`content`,`date`) VALUES ('灌灌灌灌','通天塔','1479127904') [ RunTime:0.0220s ]
INFO: [ app_end ] --START--
INFO: Run Behavior\ShowPageTraceBehavior [ RunTime:0.001000s ]
INFO: [ app_end ] --END-- [ RunTime:0.001000s ]

[ 2016-11-14T20:52:26+08:00 ] 127.0.0.1 /index.php/Note/article.html?class=Y3Nz&name=Y3Nz5rWL6K+V
INFO: [ app_init ] --START--
INFO: Run Behavior\BuildLiteBehavior [ RunTime:0.000000s ]
INFO: [ app_init ] --END-- [ RunTime:0.000000s ]
INFO: [ app_begin ] --START--
INFO: Run Behavior\ReadHtmlCacheBehavior [ RunTime:0.001000s ]
INFO: [ app_begin ] --END-- [ RunTime:0.001000s ]
NOTIC: [8] A session had already been started - ignoring session_start() F:\Code\PHP\ThinkPHP\ThinkPhpCode\ThinkPHP\Common\functions.php 第 1263 行.
SQL: SHOW COLUMNS FROM `h_note` [ RunTime:0.0240s ]
SQL: SELECT * FROM `h_note` WHERE `name` = 'css测试' AND `type` = 'css'  [ RunTime:0.0240s ]
SQL: SHOW COLUMNS FROM `h_note_discuss` [ RunTime:0.0250s ]
SQL: SELECT `name`,`content`,`date` FROM `h_note_discuss` WHERE `pids` = '1' AND `status` = 1 ORDER BY id desc  [ RunTime:0.0260s ]
SQL: SELECT count(*) as typenum FROM `h_note` WHERE ( type='css' )  [ RunTime:0.0240s ]
SQL: SELECT `name` FROM `h_note` WHERE ( type='css' ) LIMIT 0,6   [ RunTime:0.0220s ]
INFO: [ view_parse ] --START--
INFO: [ template_filter ] --START--
INFO: Run Behavior\ContentReplaceBehavior [ RunTime:0.000000s ]
INFO: [ template_filter ] --END-- [ RunTime:0.000000s ]
NOTIC: [2] date() expects parameter 2 to be long, string given F:\Code\PHP\ThinkPHP\ThinkPhpCode\Runtime\Cache\Home\958f5ec54ad7d963e017017f19923eb4.php 第 88 行.
NOTIC: [8] Undefined variable: title F:\Code\PHP\ThinkPHP\ThinkPhpCode\Runtime\Cache\Home\958f5ec54ad7d963e017017f19923eb4.php 第 111 行.
NOTIC: [2] date() expects parameter 2 to be long, string given F:\Code\PHP\ThinkPHP\ThinkPhpCode\Runtime\Cache\Home\958f5ec54ad7d963e017017f19923eb4.php 第 180 行.
NOTIC: [2] date() expects parameter 2 to be long, string given F:\Code\PHP\ThinkPHP\ThinkPhpCode\Runtime\Cache\Home\958f5ec54ad7d963e017017f19923eb4.php 第 180 行.
NOTIC: [2] date() expects parameter 2 to be long, string given F:\Code\PHP\ThinkPHP\ThinkPhpCode\Runtime\Cache\Home\958f5ec54ad7d963e017017f19923eb4.php 第 180 行.
INFO: Run Behavior\ParseTemplateBehavior [ RunTime:0.020002s ]
INFO: [ view_parse ] --END-- [ RunTime:0.021002s ]
INFO: [ view_filter ] --START--
INFO: Run Behavior\WriteHtmlCacheBehavior [ RunTime:0.000000s ]
INFO: [ view_filter ] --END-- [ RunTime:0.000000s ]
INFO: [ app_end ] --START--
INFO: Run Behavior\ShowPageTraceBehavior [ RunTime:0.000000s ]
INFO: [ app_end ] --END-- [ RunTime:0.000000s ]

[ 2016-11-14T20:52:30+08:00 ] 127.0.0.1 /index.php/Note/discuss.html
INFO: [ app_init ] --START--
INFO: Run Behavior\BuildLiteBehavior [ RunTime:0.000000s ]
INFO: [ app_init ] --END-- [ RunTime:0.001000s ]
INFO: [ app_begin ] --START--
INFO: Run Behavior\ReadHtmlCacheBehavior [ RunTime:0.000000s ]
INFO: [ app_begin ] --END-- [ RunTime:0.000000s ]
NOTIC: [8] A session had already been started - ignoring session_start() F:\Code\PHP\ThinkPHP\ThinkPhpCode\ThinkPHP\Common\functions.php 第 1263 行.
SQL: SHOW COLUMNS FROM `h_note` [ RunTime:0.0250s ]
SQL: SELECT `id` FROM `h_note` WHERE ( name='css测试' and type='css' )  [ RunTime:0.0240s ]

[ 2016-11-14T20:53:59+08:00 ] 127.0.0.1 /index.php/Note/discuss.html
INFO: [ app_init ] --START--
INFO: Run Behavior\BuildLiteBehavior [ RunTime:0.000000s ]
INFO: [ app_init ] --END-- [ RunTime:0.000000s ]
INFO: [ app_begin ] --START--
INFO: Run Behavior\ReadHtmlCacheBehavior [ RunTime:0.000000s ]
INFO: [ app_begin ] --END-- [ RunTime:0.000000s ]
NOTIC: [8] A session had already been started - ignoring session_start() F:\Code\PHP\ThinkPHP\ThinkPhpCode\ThinkPHP\Common\functions.php 第 1263 行.
SQL: SHOW COLUMNS FROM `h_note` [ RunTime:0.0240s ]
SQL: SELECT `id` FROM `h_note` WHERE ( name='css测试' and type='css' )  [ RunTime:0.0250s ]
SQL: SHOW COLUMNS FROM `h_note_discuss` [ RunTime:0.0260s ]
SQL: INSERT INTO `h_note_discuss` (`name`,`content`,`date`) VALUES ('方法','方法','1479128038') [ RunTime:0.0230s ]
INFO: [ app_end ] --START--
INFO: Run Behavior\ShowPageTraceBehavior [ RunTime:0.001000s ]
INFO: [ app_end ] --END-- [ RunTime:0.001000s ]

[ 2016-11-14T20:59:37+08:00 ] 127.0.0.1 /index.php/Note/discuss.html
INFO: [ app_init ] --START--
INFO: Run Behavior\BuildLiteBehavior [ RunTime:0.001001s ]
INFO: [ app_init ] --END-- [ RunTime:0.001001s ]
INFO: [ app_begin ] --START--
INFO: Run Behavior\ReadHtmlCacheBehavior [ RunTime:0.001000s ]
INFO: [ app_begin ] --END-- [ RunTime:0.001000s ]
NOTIC: [8] A session had already been started - ignoring session_start() F:\Code\PHP\ThinkPHP\ThinkPhpCode\ThinkPHP\Common\functions.php 第 1263 行.
SQL: SHOW COLUMNS FROM `h_note` [ RunTime:0.0250s ]
SQL: SELECT `id` FROM `h_note` WHERE ( name='css测试' and type='css' )  [ RunTime:0.0250s ]
SQL: SHOW COLUMNS FROM `h_note_discuss` [ RunTime:0.0260s ]
SQL: INSERT INTO `h_note_discuss` (`name`,`content`,`date`) VALUES ('方法','方法','1479128377') [ RunTime:0.0250s ]
SQL: update h_note_discuss set pids=1 where id=13 [ RunTime:0.0240s ]
ERR: :
 [ SQL语句 ] : update h_note_discuss set pids=1 where id=13
ERR: :
 [ SQL语句 ] : update h_note_discuss set pids=1 where id=13

[ 2016-11-14T21:00:50+08:00 ] 127.0.0.1 /index.php/Note/article.html?class=Y3Nz&name=Y3Nz5rWL6K+V
INFO: [ app_init ] --START--
INFO: Run Behavior\BuildLiteBehavior [ RunTime:0.000000s ]
INFO: [ app_init ] --END-- [ RunTime:0.000000s ]
INFO: [ app_begin ] --START--
INFO: Run Behavior\ReadHtmlCacheBehavior [ RunTime:0.001000s ]
INFO: [ app_begin ] --END-- [ RunTime:0.001000s ]
NOTIC: [8] A session had already been started - ignoring session_start() F:\Code\PHP\ThinkPHP\ThinkPhpCode\ThinkPHP\Common\functions.php 第 1263 行.
SQL: SHOW COLUMNS FROM `h_note` [ RunTime:0.0280s ]
SQL: SELECT * FROM `h_note` WHERE `name` = 'css测试' AND `type` = 'css'  [ RunTime:0.0240s ]
SQL: SHOW COLUMNS FROM `h_note_discuss` [ RunTime:0.0240s ]
SQL: SELECT `name`,`content`,`date` FROM `h_note_discuss` WHERE `pids` = '1' AND `status` = 1 ORDER BY id desc  [ RunTime:0.0250s ]
SQL: SELECT count(*) as typenum FROM `h_note` WHERE ( type='css' )  [ RunTime:0.0240s ]
SQL: SELECT `name` FROM `h_note` WHERE ( type='css' ) LIMIT 0,6   [ RunTime:0.0240s ]
INFO: [ view_parse ] --START--
INFO: [ template_filter ] --START--
INFO: Run Behavior\ContentReplaceBehavior [ RunTime:0.000000s ]
INFO: [ template_filter ] --END-- [ RunTime:0.000000s ]
NOTIC: [2] date() expects parameter 2 to be long, string given F:\Code\PHP\ThinkPHP\ThinkPhpCode\Runtime\Cache\Home\958f5ec54ad7d963e017017f19923eb4.php 第 88 行.
NOTIC: [8] Undefined variable: title F:\Code\PHP\ThinkPHP\ThinkPhpCode\Runtime\Cache\Home\958f5ec54ad7d963e017017f19923eb4.php 第 111 行.
NOTIC: [2] date() expects parameter 2 to be long, string given F:\Code\PHP\ThinkPHP\ThinkPhpCode\Runtime\Cache\Home\958f5ec54ad7d963e017017f19923eb4.php 第 180 行.
NOTIC: [2] date() expects parameter 2 to be long, string given F:\Code\PHP\ThinkPHP\ThinkPhpCode\Runtime\Cache\Home\958f5ec54ad7d963e017017f19923eb4.php 第 180 行.
NOTIC: [2] date() expects parameter 2 to be long, string given F:\Code\PHP\ThinkPHP\ThinkPhpCode\Runtime\Cache\Home\958f5ec54ad7d963e017017f19923eb4.php 第 180 行.
INFO: Run Behavior\ParseTemplateBehavior [ RunTime:0.021001s ]
INFO: [ view_parse ] --END-- [ RunTime:0.021001s ]
INFO: [ view_filter ] --START--
INFO: Run Behavior\WriteHtmlCacheBehavior [ RunTime:0.001000s ]
INFO: [ view_filter ] --END-- [ RunTime:0.001000s ]
INFO: [ app_end ] --START--
INFO: Run Behavior\ShowPageTraceBehavior [ RunTime:0.001000s ]
INFO: [ app_end ] --END-- [ RunTime:0.001000s ]

[ 2016-11-14T21:00:55+08:00 ] 127.0.0.1 /index.php/Note/discuss.html
INFO: [ app_init ] --START--
INFO: Run Behavior\BuildLiteBehavior [ RunTime:0.000000s ]
INFO: [ app_init ] --END-- [ RunTime:0.001000s ]
INFO: [ app_begin ] --START--
INFO: Run Behavior\ReadHtmlCacheBehavior [ RunTime:0.001000s ]
INFO: [ app_begin ] --END-- [ RunTime:0.001000s ]
NOTIC: [8] A session had already been started - ignoring session_start() F:\Code\PHP\ThinkPHP\ThinkPhpCode\ThinkPHP\Common\functions.php 第 1263 行.
SQL: SHOW COLUMNS FROM `h_note` [ RunTime:0.0250s ]
SQL: SELECT `id` FROM `h_note` WHERE ( name='css测试' and type='css' )  [ RunTime:0.0230s ]
SQL: SHOW COLUMNS FROM `h_note_discuss` [ RunTime:0.0250s ]
SQL: INSERT INTO `h_note_discuss` (`name`,`content`,`date`) VALUES ('也一样','语言','1479128455') [ RunTime:0.0230s ]
SQL: update h_note_discuss set pids=1 where id=14 [ RunTime:0.0230s ]
ERR: :
 [ SQL语句 ] : update h_note_discuss set pids=1 where id=14
ERR: :
 [ SQL语句 ] : update h_note_discuss set pids=1 where id=14

[ 2016-11-14T21:02:59+08:00 ] 127.0.0.1 /index.php/Note/article.html?class=Y3Nz&name=Y3Nz5rWL6K+V
INFO: [ app_init ] --START--
INFO: Run Behavior\BuildLiteBehavior [ RunTime:0.000000s ]
INFO: [ app_init ] --END-- [ RunTime:0.000000s ]
INFO: [ app_begin ] --START--
INFO: Run Behavior\ReadHtmlCacheBehavior [ RunTime:0.001001s ]
INFO: [ app_begin ] --END-- [ RunTime:0.001001s ]
NOTIC: [8] A session had already been started - ignoring session_start() F:\Code\PHP\ThinkPHP\ThinkPhpCode\ThinkPHP\Common\functions.php 第 1263 行.
SQL: SHOW COLUMNS FROM `h_note` [ RunTime:0.0240s ]
SQL: SELECT * FROM `h_note` WHERE `name` = 'css测试' AND `type` = 'css'  [ RunTime:0.0240s ]
SQL: SHOW COLUMNS FROM `h_note_discuss` [ RunTime:0.0230s ]
SQL: SELECT `name`,`content`,`date` FROM `h_note_discuss` WHERE `pids` = '1' AND `status` = 1 ORDER BY id desc  [ RunTime:0.0240s ]
SQL: SELECT count(*) as typenum FROM `h_note` WHERE ( type='css' )  [ RunTime:0.0240s ]
SQL: SELECT `name` FROM `h_note` WHERE ( type='css' ) LIMIT 0,6   [ RunTime:0.0240s ]
INFO: [ view_parse ] --START--
INFO: [ template_filter ] --START--
INFO: Run Behavior\ContentReplaceBehavior [ RunTime:0.001000s ]
INFO: [ template_filter ] --END-- [ RunTime:0.001000s ]
NOTIC: [2] date() expects parameter 2 to be long, string given F:\Code\PHP\ThinkPHP\ThinkPhpCode\Runtime\Cache\Home\958f5ec54ad7d963e017017f19923eb4.php 第 88 行.
NOTIC: [8] Undefined variable: title F:\Code\PHP\ThinkPHP\ThinkPhpCode\Runtime\Cache\Home\958f5ec54ad7d963e017017f19923eb4.php 第 111 行.
NOTIC: [2] date() expects parameter 2 to be long, string given F:\Code\PHP\ThinkPHP\ThinkPhpCode\Runtime\Cache\Home\958f5ec54ad7d963e017017f19923eb4.php 第 180 行.
NOTIC: [2] date() expects parameter 2 to be long, string given F:\Code\PHP\ThinkPHP\ThinkPhpCode\Runtime\Cache\Home\958f5ec54ad7d963e017017f19923eb4.php 第 180 行.
NOTIC: [2] date() expects parameter 2 to be long, string given F:\Code\PHP\ThinkPHP\ThinkPhpCode\Runtime\Cache\Home\958f5ec54ad7d963e017017f19923eb4.php 第 180 行.
INFO: Run Behavior\ParseTemplateBehavior [ RunTime:0.014001s ]
INFO: [ view_parse ] --END-- [ RunTime:0.014001s ]
INFO: [ view_filter ] --START--
INFO: Run Behavior\WriteHtmlCacheBehavior [ RunTime:0.001000s ]
INFO: [ view_filter ] --END-- [ RunTime:0.001000s ]
INFO: [ app_end ] --START--
INFO: Run Behavior\ShowPageTraceBehavior [ RunTime:0.001000s ]
INFO: [ app_end ] --END-- [ RunTime:0.001000s ]

[ 2016-11-14T21:03:03+08:00 ] 127.0.0.1 /index.php/Note/article.html?class=Y3Nz&name=Y3Nz5rWL6K+V
INFO: [ app_init ] --START--
INFO: Run Behavior\BuildLiteBehavior [ RunTime:0.000000s ]
INFO: [ app_init ] --END-- [ RunTime:0.000000s ]
INFO: [ app_begin ] --START--
INFO: Run Behavior\ReadHtmlCacheBehavior [ RunTime:0.001000s ]
INFO: [ app_begin ] --END-- [ RunTime:0.001000s ]
NOTIC: [8] A session had already been started - ignoring session_start() F:\Code\PHP\ThinkPHP\ThinkPhpCode\ThinkPHP\Common\functions.php 第 1263 行.
SQL: SHOW COLUMNS FROM `h_note` [ RunTime:0.0250s ]
SQL: SELECT * FROM `h_note` WHERE `name` = 'css测试' AND `type` = 'css'  [ RunTime:0.0240s ]
SQL: SHOW COLUMNS FROM `h_note_discuss` [ RunTime:0.0250s ]
SQL: SELECT `name`,`content`,`date` FROM `h_note_discuss` WHERE `pids` = '1' AND `status` = 1 ORDER BY id desc  [ RunTime:0.0250s ]
SQL: SELECT count(*) as typenum FROM `h_note` WHERE ( type='css' )  [ RunTime:0.0240s ]
SQL: SELECT `name` FROM `h_note` WHERE ( type='css' ) LIMIT 0,6   [ RunTime:0.0250s ]
INFO: [ view_parse ] --START--
INFO: [ template_filter ] --START--
INFO: Run Behavior\ContentReplaceBehavior [ RunTime:0.000000s ]
INFO: [ template_filter ] --END-- [ RunTime:0.000000s ]
NOTIC: [2] date() expects parameter 2 to be long, string given F:\Code\PHP\ThinkPHP\ThinkPhpCode\Runtime\Cache\Home\958f5ec54ad7d963e017017f19923eb4.php 第 88 行.
NOTIC: [8] Undefined variable: title F:\Code\PHP\ThinkPHP\ThinkPhpCode\Runtime\Cache\Home\958f5ec54ad7d963e017017f19923eb4.php 第 111 行.
NOTIC: [2] date() expects parameter 2 to be long, string given F:\Code\PHP\ThinkPHP\ThinkPhpCode\Runtime\Cache\Home\958f5ec54ad7d963e017017f19923eb4.php 第 180 行.
NOTIC: [2] date() expects parameter 2 to be long, string given F:\Code\PHP\ThinkPHP\ThinkPhpCode\Runtime\Cache\Home\958f5ec54ad7d963e017017f19923eb4.php 第 180 行.
NOTIC: [2] date() expects parameter 2 to be long, string given F:\Code\PHP\ThinkPHP\ThinkPhpCode\Runtime\Cache\Home\958f5ec54ad7d963e017017f19923eb4.php 第 180 行.
INFO: Run Behavior\ParseTemplateBehavior [ RunTime:0.016001s ]
INFO: [ view_parse ] --END-- [ RunTime:0.016001s ]
INFO: [ view_filter ] --START--
INFO: Run Behavior\WriteHtmlCacheBehavior [ RunTime:0.000000s ]
INFO: [ view_filter ] --END-- [ RunTime:0.000000s ]
INFO: [ app_end ] --START--
INFO: Run Behavior\ShowPageTraceBehavior [ RunTime:0.002000s ]
INFO: [ app_end ] --END-- [ RunTime:0.002000s ]

[ 2016-11-14T21:03:12+08:00 ] 127.0.0.1 /index.php/Note/discuss.html
INFO: [ app_init ] --START--
INFO: Run Behavior\BuildLiteBehavior [ RunTime:0.000000s ]
INFO: [ app_init ] --END-- [ RunTime:0.001000s ]
INFO: [ app_begin ] --START--
INFO: Run Behavior\ReadHtmlCacheBehavior [ RunTime:0.001000s ]
INFO: [ app_begin ] --END-- [ RunTime:0.001000s ]
NOTIC: [8] A session had already been started - ignoring session_start() F:\Code\PHP\ThinkPHP\ThinkPhpCode\ThinkPHP\Common\functions.php 第 1263 行.
SQL: SHOW COLUMNS FROM `h_note` [ RunTime:0.0250s ]
SQL: SELECT `id` FROM `h_note` WHERE ( name='css测试' and type='css' )  [ RunTime:0.0240s ]
SQL: SHOW COLUMNS FROM `h_note_discuss` [ RunTime:0.0250s ]
SQL: INSERT INTO `h_note_discuss` (`name`,`content`,`date`) VALUES ('哈哈哈','也一样','1479128592') [ RunTime:0.0240s ]
SQL: update h_note_discuss set pids=1 where id=15 [ RunTime:0.0230s ]
ERR: :
 [ SQL语句 ] : update h_note_discuss set pids=1 where id=15
ERR: :
 [ SQL语句 ] : update h_note_discuss set pids=1 where id=15

[ 2016-11-14T21:03:33+08:00 ] 127.0.0.1 /index.php/Note/article.html?class=Y3Nz&name=Y3Nz5rWL6K+V
INFO: [ app_init ] --START--
INFO: Run Behavior\BuildLiteBehavior [ RunTime:0.000000s ]
INFO: [ app_init ] --END-- [ RunTime:0.001000s ]
INFO: [ app_begin ] --START--
INFO: Run Behavior\ReadHtmlCacheBehavior [ RunTime:0.001000s ]
INFO: [ app_begin ] --END-- [ RunTime:0.001000s ]
NOTIC: [8] A session had already been started - ignoring session_start() F:\Code\PHP\ThinkPHP\ThinkPhpCode\ThinkPHP\Common\functions.php 第 1263 行.
SQL: SHOW COLUMNS FROM `h_note` [ RunTime:0.0290s ]
SQL: SELECT * FROM `h_note` WHERE `name` = 'css测试' AND `type` = 'css'  [ RunTime:0.0230s ]
SQL: SHOW COLUMNS FROM `h_note_discuss` [ RunTime:0.0230s ]
SQL: SELECT `name`,`content`,`date` FROM `h_note_discuss` WHERE `pids` = '1' AND `status` = 1 ORDER BY id desc  [ RunTime:0.0250s ]
SQL: SELECT count(*) as typenum FROM `h_note` WHERE ( type='css' )  [ RunTime:0.0230s ]
SQL: SELECT `name` FROM `h_note` WHERE ( type='css' ) LIMIT 0,6   [ RunTime:0.0310s ]
INFO: [ view_parse ] --START--
INFO: [ template_filter ] --START--
INFO: Run Behavior\ContentReplaceBehavior [ RunTime:0.000000s ]
INFO: [ template_filter ] --END-- [ RunTime:0.000000s ]
NOTIC: [2] date() expects parameter 2 to be long, string given F:\Code\PHP\ThinkPHP\ThinkPhpCode\Runtime\Cache\Home\958f5ec54ad7d963e017017f19923eb4.php 第 88 行.
NOTIC: [8] Undefined variable: title F:\Code\PHP\ThinkPHP\ThinkPhpCode\Runtime\Cache\Home\958f5ec54ad7d963e017017f19923eb4.php 第 111 行.
NOTIC: [2] date() expects parameter 2 to be long, string given F:\Code\PHP\ThinkPHP\ThinkPhpCode\Runtime\Cache\Home\958f5ec54ad7d963e017017f19923eb4.php 第 180 行.
NOTIC: [2] date() expects parameter 2 to be long, string given F:\Code\PHP\ThinkPHP\ThinkPhpCode\Runtime\Cache\Home\958f5ec54ad7d963e017017f19923eb4.php 第 180 行.
NOTIC: [2] date() expects parameter 2 to be long, string given F:\Code\PHP\ThinkPHP\ThinkPhpCode\Runtime\Cache\Home\958f5ec54ad7d963e017017f19923eb4.php 第 180 行.
INFO: Run Behavior\ParseTemplateBehavior [ RunTime:0.040002s ]
INFO: [ view_parse ] --END-- [ RunTime:0.040002s ]
INFO: [ view_filter ] --START--
INFO: Run Behavior\WriteHtmlCacheBehavior [ RunTime:0.001000s ]
INFO: [ view_filter ] --END-- [ RunTime:0.001000s ]
INFO: [ app_end ] --START--
INFO: Run Behavior\ShowPageTraceBehavior [ RunTime:0.035002s ]
INFO: [ app_end ] --END-- [ RunTime:0.035002s ]

[ 2016-11-14T21:03:40+08:00 ] 127.0.0.1 /index.php/Note/discuss.html
INFO: [ app_init ] --START--
INFO: Run Behavior\BuildLiteBehavior [ RunTime:0.000000s ]
INFO: [ app_init ] --END-- [ RunTime:0.001000s ]
INFO: [ app_begin ] --START--
INFO: Run Behavior\ReadHtmlCacheBehavior [ RunTime:0.000000s ]
INFO: [ app_begin ] --END-- [ RunTime:0.000000s ]
NOTIC: [8] A session had already been started - ignoring session_start() F:\Code\PHP\ThinkPHP\ThinkPhpCode\ThinkPHP\Common\functions.php 第 1263 行.
SQL: SHOW COLUMNS FROM `h_note` [ RunTime:0.0260s ]
SQL: SELECT `id` FROM `h_note` WHERE ( name='css测试' and type='css' )  [ RunTime:0.0270s ]
SQL: SHOW COLUMNS FROM `h_note_discuss` [ RunTime:0.0260s ]
SQL: INSERT INTO `h_note_discuss` (`name`,`content`,`date`) VALUES ('哈哈哈','也一样','1479128620') [ RunTime:0.0250s ]
SQL: update h_note_discuss set pids=1 where id=16 [ RunTime:0.0230s ]
ERR: :
 [ SQL语句 ] : update h_note_discuss set pids=1 where id=16
ERR: :
 [ SQL语句 ] : update h_note_discuss set pids=1 where id=16

[ 2016-11-14T21:07:08+08:00 ] 127.0.0.1 /index.php/Note/discuss.html
INFO: [ app_init ] --START--
INFO: Run Behavior\BuildLiteBehavior [ RunTime:0.000000s ]
INFO: [ app_init ] --END-- [ RunTime:0.001000s ]
INFO: [ app_begin ] --START--
INFO: Run Behavior\ReadHtmlCacheBehavior [ RunTime:0.001000s ]
INFO: [ app_begin ] --END-- [ RunTime:0.001000s ]
NOTIC: [8] A session had already been started - ignoring session_start() F:\Code\PHP\ThinkPHP\ThinkPhpCode\ThinkPHP\Common\functions.php 第 1263 行.
SQL: SHOW COLUMNS FROM `h_note` [ RunTime:0.0240s ]
SQL: SELECT `id` FROM `h_note` WHERE ( name='css测试' and type='css' )  [ RunTime:0.0230s ]
SQL: SHOW COLUMNS FROM `h_note_discuss` [ RunTime:0.0240s ]
SQL: INSERT INTO `h_note_discuss` (`name`,`content`,`date`) VALUES ('哈哈哈','也一样','1479128828') [ RunTime:0.0230s ]
SQL: update h_note_discuss set pids=1 where id=17 [ RunTime:0.0230s ]
ERR: :
 [ SQL语句 ] : update h_note_discuss set pids=1 where id=17
ERR: :
 [ SQL语句 ] : update h_note_discuss set pids=1 where id=17

[ 2016-11-14T21:08:04+08:00 ] 127.0.0.1 /index.php/Note/discuss.html
INFO: [ app_init ] --START--
INFO: Run Behavior\BuildLiteBehavior [ RunTime:0.000000s ]
INFO: [ app_init ] --END-- [ RunTime:0.001000s ]
INFO: [ app_begin ] --START--
INFO: Run Behavior\ReadHtmlCacheBehavior [ RunTime:0.000000s ]
INFO: [ app_begin ] --END-- [ RunTime:0.000000s ]
NOTIC: [8] A session had already been started - ignoring session_start() F:\Code\PHP\ThinkPHP\ThinkPhpCode\ThinkPHP\Common\functions.php 第 1263 行.
SQL: SHOW COLUMNS FROM `h_note` [ RunTime:0.0250s ]
SQL: SELECT `id` FROM `h_note` WHERE ( name='css测试' and type='css' )  [ RunTime:0.0250s ]
SQL: SHOW COLUMNS FROM `h_note_discuss` [ RunTime:0.0260s ]
SQL: INSERT INTO `h_note_discuss` (`name`,`content`,`date`) VALUES ('哈哈哈','也一样','1479128884') [ RunTime:0.0240s ]
SQL: update h_note_discuss set pids=1 where id=18 [ RunTime:0.0230s ]
INFO: [ app_end ] --START--
INFO: Run Behavior\ShowPageTraceBehavior [ RunTime:0.002000s ]
INFO: [ app_end ] --END-- [ RunTime:0.002000s ]

