[ 2016-11-18T16:56:55+08:00 ] 127.0.0.1 /
INFO: [ app_init ] --START--
INFO: Run Behavior\BuildLiteBehavior [ RunTime:0.000000s ]
INFO: [ app_init ] --END-- [ RunTime:0.102006s ]
INFO: [ app_begin ] --START--
INFO: Run Behavior\ReadHtmlCacheBehavior [ RunTime:0.052003s ]
INFO: [ app_begin ] --END-- [ RunTime:0.052003s ]
NOTIC: [8] A session had already been started - ignoring session_start() F:\Code\PHP\ThinkPHP\ThinkPhpCode\ThinkPHP\Common\functions.php 第 1263 行.
SQL: SHOW COLUMNS FROM `h_user` [ RunTime:0.0250s ]
SQL: INSERT INTO `h_user` (`uip`,`city`,`date`,`mno`) VALUES ('127.0.0.1','','2016-11-18 16:56:53','') [ RunTime:0.0250s ]
SQL: SELECT COUNT(*) AS tp_count FROM `h_user` LIMIT 1   [ RunTime:0.0240s ]
SQL: SELECT COUNT(*) AS tp_count FROM `h_user` LIMIT 1   [ RunTime:0.0310s ]
INFO: [ view_parse ] --START--
INFO: [ template_filter ] --START--
INFO: Run Behavior\ContentReplaceBehavior [ RunTime:0.017001s ]
INFO: [ template_filter ] --END-- [ RunTime:0.017001s ]
INFO: Run Behavior\ParseTemplateBehavior [ RunTime:0.776044s ]
INFO: [ view_parse ] --END-- [ RunTime:0.776044s ]
INFO: [ view_filter ] --START--
INFO: Run Behavior\WriteHtmlCacheBehavior [ RunTime:0.121007s ]
INFO: [ view_filter ] --END-- [ RunTime:0.121007s ]
INFO: [ app_end ] --START--
INFO: Run Behavior\ShowPageTraceBehavior [ RunTime:0.091005s ]
INFO: [ app_end ] --END-- [ RunTime:0.091005s ]

[ 2016-11-18T16:57:12+08:00 ] 127.0.0.1 /index.php/Note/
INFO: [ app_init ] --START--
INFO: Run Behavior\BuildLiteBehavior [ RunTime:0.000000s ]
INFO: [ app_init ] --END-- [ RunTime:0.001000s ]
INFO: [ app_begin ] --START--
INFO: Run Behavior\ReadHtmlCacheBehavior [ RunTime:0.000000s ]
INFO: [ app_begin ] --END-- [ RunTime:0.000000s ]
NOTIC: [8] A session had already been started - ignoring session_start() F:\Code\PHP\ThinkPHP\ThinkPhpCode\ThinkPHP\Common\functions.php 第 1263 行.
SQL: SHOW COLUMNS FROM `h_user` [ RunTime:0.0250s ]
SQL: SELECT COUNT(*) AS tp_count FROM `h_user` LIMIT 1   [ RunTime:0.0250s ]
SQL: SHOW COLUMNS FROM `h_note` [ RunTime:0.0260s ]
SQL: SELECT `type`,`date` FROM `h_note`  [ RunTime:0.0250s ]
INFO: [ view_parse ] --START--
INFO: [ template_filter ] --START--
INFO: Run Behavior\ContentReplaceBehavior [ RunTime:0.001000s ]
INFO: [ template_filter ] --END-- [ RunTime:0.001000s ]
INFO: Run Behavior\ParseTemplateBehavior [ RunTime:0.019001s ]
INFO: [ view_parse ] --END-- [ RunTime:0.019001s ]
INFO: [ view_filter ] --START--
INFO: Run Behavior\WriteHtmlCacheBehavior [ RunTime:0.000000s ]
INFO: [ view_filter ] --END-- [ RunTime:0.000000s ]
INFO: [ app_end ] --START--
INFO: Run Behavior\ShowPageTraceBehavior [ RunTime:0.000000s ]
INFO: [ app_end ] --END-- [ RunTime:0.001000s ]

[ 2016-11-18T16:57:24+08:00 ] 127.0.0.1 /index.php/Note/lists.html?class=Y3Nz
INFO: [ app_init ] --START--
INFO: Run Behavior\BuildLiteBehavior [ RunTime:0.000000s ]
INFO: [ app_init ] --END-- [ RunTime:0.001000s ]
INFO: [ app_begin ] --START--
INFO: Run Behavior\ReadHtmlCacheBehavior [ RunTime:0.001000s ]
INFO: [ app_begin ] --END-- [ RunTime:0.001000s ]
NOTIC: [8] A session had already been started - ignoring session_start() F:\Code\PHP\ThinkPHP\ThinkPhpCode\ThinkPHP\Common\functions.php 第 1263 行.
SQL: SHOW COLUMNS FROM `h_user` [ RunTime:0.0250s ]
SQL: SELECT COUNT(*) AS tp_count FROM `h_user` LIMIT 1   [ RunTime:0.0250s ]
SQL: SHOW COLUMNS FROM `h_note` [ RunTime:0.0260s ]
SQL: SELECT COUNT(*) AS tp_count FROM `h_note` LIMIT 1   [ RunTime:0.0240s ]
SQL: SELECT * FROM `h_note` WHERE ( type='css' ) ORDER BY id desc LIMIT 0,10   [ RunTime:0.0240s ]
SQL: SELECT * FROM `h_note` WHERE `type` = 'linux'  [ RunTime:0.0240s ]
SQL: SELECT * FROM `h_note` WHERE `type` = 'mysql'  [ RunTime:0.0240s ]
SQL: SELECT * FROM `h_note` WHERE `type` = 'apache'  [ RunTime:0.0250s ]
SQL: SELECT * FROM `h_note` WHERE `type` = 'mysql'  [ RunTime:0.0250s ]
SQL: SELECT * FROM `h_note` WHERE `type` = 'php'  [ RunTime:0.0250s ]
SQL: SELECT * FROM `h_note` WHERE `type` = 'css'  [ RunTime:0.0250s ]
SQL: SELECT * FROM `h_note` WHERE `type` = 'php'  [ RunTime:0.0250s ]
SQL: SELECT * FROM `h_note` WHERE `type` = 'linux'  [ RunTime:0.0250s ]
SQL: SHOW COLUMNS FROM `h_note_discuss` [ RunTime:0.0260s ]
SQL: SELECT * FROM `h_note_discuss` WHERE `pids` = '3' AND `status` = 1  [ RunTime:0.0240s ]
SQL: SHOW COLUMNS FROM `h_note_discuss` [ RunTime:0.0250s ]
SQL: SELECT * FROM `h_note_discuss` WHERE `pids` = '1' AND `status` = 1  [ RunTime:0.0250s ]
INFO: [ view_parse ] --START--
INFO: [ template_filter ] --START--
INFO: Run Behavior\ContentReplaceBehavior [ RunTime:0.000000s ]
INFO: [ template_filter ] --END-- [ RunTime:0.000000s ]
INFO: Run Behavior\ParseTemplateBehavior [ RunTime:0.056004s ]
INFO: [ view_parse ] --END-- [ RunTime:0.056004s ]
INFO: [ view_filter ] --START--
INFO: Run Behavior\WriteHtmlCacheBehavior [ RunTime:0.001000s ]
INFO: [ view_filter ] --END-- [ RunTime:0.001000s ]
INFO: [ app_end ] --START--
INFO: Run Behavior\ShowPageTraceBehavior [ RunTime:0.001000s ]
INFO: [ app_end ] --END-- [ RunTime:0.002000s ]

[ 2016-11-18T16:57:42+08:00 ] 127.0.0.1 /index.php/Note/article.html?class=Y3Nz&name=Y3Nz5rWL6K+VMjIy
INFO: [ app_init ] --START--
INFO: Run Behavior\BuildLiteBehavior [ RunTime:0.000000s ]
INFO: [ app_init ] --END-- [ RunTime:0.000000s ]
INFO: [ app_begin ] --START--
INFO: Run Behavior\ReadHtmlCacheBehavior [ RunTime:0.003000s ]
INFO: [ app_begin ] --END-- [ RunTime:0.003000s ]
NOTIC: [8] A session had already been started - ignoring session_start() F:\Code\PHP\ThinkPHP\ThinkPhpCode\ThinkPHP\Common\functions.php 第 1263 行.
SQL: SHOW COLUMNS FROM `h_user` [ RunTime:0.0220s ]
SQL: SELECT COUNT(*) AS tp_count FROM `h_user` LIMIT 1   [ RunTime:0.0210s ]
SQL: SHOW COLUMNS FROM `h_note` [ RunTime:0.0210s ]
SQL: SELECT * FROM `h_note` WHERE `name` = 'css测试222' AND `type` = 'css'  [ RunTime:0.0210s ]
SQL: SHOW COLUMNS FROM `h_note_discuss` [ RunTime:0.0230s ]
SQL: SELECT `name`,`content`,`date` FROM `h_note_discuss` WHERE `pids` = '3' AND `status` = 1 ORDER BY id desc  [ RunTime:0.0210s ]
SQL: SELECT count(*) as typenum FROM `h_note` WHERE ( type='css' )  [ RunTime:0.0210s ]
SQL: SELECT `name` FROM `h_note` WHERE ( type='css' ) LIMIT 0,6   [ RunTime:0.0210s ]
SQL: update h_note set view=94 where id=3 [ RunTime:0.0210s ]
INFO: [ view_parse ] --START--
INFO: [ template_filter ] --START--
INFO: Run Behavior\ContentReplaceBehavior [ RunTime:0.000000s ]
INFO: [ template_filter ] --END-- [ RunTime:0.000000s ]
NOTIC: [8] Undefined variable: title F:\Code\PHP\ThinkPHP\ThinkPhpCode\Runtime\Cache\Home\958f5ec54ad7d963e017017f19923eb4.php 第 120 行.
INFO: Run Behavior\ParseTemplateBehavior [ RunTime:0.053003s ]
INFO: [ view_parse ] --END-- [ RunTime:0.053003s ]
INFO: [ view_filter ] --START--
INFO: Run Behavior\WriteHtmlCacheBehavior [ RunTime:0.000000s ]
INFO: [ view_filter ] --END-- [ RunTime:0.000000s ]
INFO: [ app_end ] --START--
INFO: Run Behavior\ShowPageTraceBehavior [ RunTime:0.000000s ]
INFO: [ app_end ] --END-- [ RunTime:0.000000s ]

[ 2016-11-18T16:57:56+08:00 ] 127.0.0.1 /index.php/Note/article.html?class=Y3Nz&name=Y3Nz5rWL6K+VMjIy
INFO: [ app_init ] --START--
INFO: Run Behavior\BuildLiteBehavior [ RunTime:0.000000s ]
INFO: [ app_init ] --END-- [ RunTime:0.000000s ]
INFO: [ app_begin ] --START--
INFO: Run Behavior\ReadHtmlCacheBehavior [ RunTime:0.001000s ]
INFO: [ app_begin ] --END-- [ RunTime:0.001000s ]
NOTIC: [8] A session had already been started - ignoring session_start() F:\Code\PHP\ThinkPHP\ThinkPhpCode\ThinkPHP\Common\functions.php 第 1263 行.
SQL: SHOW COLUMNS FROM `h_user` [ RunTime:0.0250s ]
SQL: SELECT COUNT(*) AS tp_count FROM `h_user` LIMIT 1   [ RunTime:0.0210s ]
SQL: SHOW COLUMNS FROM `h_note` [ RunTime:0.0240s ]
SQL: SELECT * FROM `h_note` WHERE `name` = 'css测试222' AND `type` = 'css'  [ RunTime:0.0210s ]
SQL: SHOW COLUMNS FROM `h_note_discuss` [ RunTime:0.0230s ]
SQL: SELECT `name`,`content`,`date` FROM `h_note_discuss` WHERE `pids` = '3' AND `status` = 1 ORDER BY id desc  [ RunTime:0.0210s ]
SQL: SELECT count(*) as typenum FROM `h_note` WHERE ( type='css' )  [ RunTime:0.0210s ]
SQL: SELECT `name` FROM `h_note` WHERE ( type='css' ) LIMIT 0,6   [ RunTime:0.0210s ]
SQL: update h_note set view=95 where id=3 [ RunTime:0.0210s ]
INFO: [ view_parse ] --START--
INFO: [ template_filter ] --START--
INFO: Run Behavior\ContentReplaceBehavior [ RunTime:0.001000s ]
INFO: [ template_filter ] --END-- [ RunTime:0.001000s ]
NOTIC: [8] Undefined variable: title F:\Code\PHP\ThinkPHP\ThinkPhpCode\Runtime\Cache\Home\958f5ec54ad7d963e017017f19923eb4.php 第 120 行.
INFO: Run Behavior\ParseTemplateBehavior [ RunTime:0.029001s ]
INFO: [ view_parse ] --END-- [ RunTime:0.029001s ]
INFO: [ view_filter ] --START--
INFO: Run Behavior\WriteHtmlCacheBehavior [ RunTime:0.001000s ]
INFO: [ view_filter ] --END-- [ RunTime:0.001000s ]
INFO: [ app_end ] --START--
INFO: Run Behavior\ShowPageTraceBehavior [ RunTime:0.002001s ]
INFO: [ app_end ] --END-- [ RunTime:0.002001s ]

[ 2016-11-18T16:59:26+08:00 ] 127.0.0.1 /index.php/Note/discuss.html
INFO: [ app_init ] --START--
INFO: Run Behavior\BuildLiteBehavior [ RunTime:0.000000s ]
INFO: [ app_init ] --END-- [ RunTime:0.000000s ]
INFO: [ app_begin ] --START--
INFO: Run Behavior\ReadHtmlCacheBehavior [ RunTime:0.001000s ]
INFO: [ app_begin ] --END-- [ RunTime:0.001000s ]
NOTIC: [8] A session had already been started - ignoring session_start() F:\Code\PHP\ThinkPHP\ThinkPhpCode\ThinkPHP\Common\functions.php 第 1263 行.
SQL: SHOW COLUMNS FROM `h_user` [ RunTime:0.0250s ]
SQL: SELECT COUNT(*) AS tp_count FROM `h_user` LIMIT 1   [ RunTime:0.0240s ]
SQL: SHOW COLUMNS FROM `h_note` [ RunTime:0.0250s ]
SQL: SELECT `id` FROM `h_note` WHERE ( name='css测试222' and type='css' )  [ RunTime:0.0230s ]
SQL: SHOW COLUMNS FROM `h_note_discuss` [ RunTime:0.0240s ]
SQL: SELECT * FROM `h_note_discuss` WHERE `pids` = '3' AND `uip` = '127.0.0.1'  [ RunTime:0.0260s ]

[ 2016-11-18T17:02:23+08:00 ] 127.0.0.1 /index.php/Note/article.html?class=Y3Nz&name=Y3Nz5rWL6K+VMjIy
INFO: [ app_init ] --START--
INFO: Run Behavior\BuildLiteBehavior [ RunTime:0.000000s ]
INFO: [ app_init ] --END-- [ RunTime:0.000000s ]
INFO: [ app_begin ] --START--
INFO: Run Behavior\ReadHtmlCacheBehavior [ RunTime:0.001000s ]
INFO: [ app_begin ] --END-- [ RunTime:0.001000s ]
NOTIC: [8] A session had already been started - ignoring session_start() F:\Code\PHP\ThinkPHP\ThinkPhpCode\ThinkPHP\Common\functions.php 第 1263 行.
SQL: SHOW COLUMNS FROM `h_user` [ RunTime:0.0250s ]
SQL: SELECT COUNT(*) AS tp_count FROM `h_user` LIMIT 1   [ RunTime:0.0250s ]
SQL: SHOW COLUMNS FROM `h_note` [ RunTime:0.0250s ]
SQL: SELECT * FROM `h_note` WHERE `name` = 'css测试222' AND `type` = 'css'  [ RunTime:0.0250s ]
SQL: SHOW COLUMNS FROM `h_note_discuss` [ RunTime:0.0260s ]
SQL: SELECT `name`,`content`,`date` FROM `h_note_discuss` WHERE `pids` = '3' AND `status` = 1 ORDER BY id desc  [ RunTime:0.0250s ]
SQL: SELECT count(*) as typenum FROM `h_note` WHERE ( type='css' )  [ RunTime:0.0240s ]
SQL: SELECT `name` FROM `h_note` WHERE ( type='css' ) LIMIT 0,6   [ RunTime:0.0240s ]
SQL: update h_note set view=96 where id=3 [ RunTime:0.0270s ]
INFO: [ view_parse ] --START--
INFO: [ template_filter ] --START--
INFO: Run Behavior\ContentReplaceBehavior [ RunTime:0.000000s ]
INFO: [ template_filter ] --END-- [ RunTime:0.000000s ]
NOTIC: [8] Undefined variable: title F:\Code\PHP\ThinkPHP\ThinkPhpCode\Runtime\Cache\Home\958f5ec54ad7d963e017017f19923eb4.php 第 120 行.
INFO: Run Behavior\ParseTemplateBehavior [ RunTime:0.033002s ]
INFO: [ view_parse ] --END-- [ RunTime:0.033002s ]
INFO: [ view_filter ] --START--
INFO: Run Behavior\WriteHtmlCacheBehavior [ RunTime:0.000000s ]
INFO: [ view_filter ] --END-- [ RunTime:0.000000s ]
INFO: [ app_end ] --START--
INFO: Run Behavior\ShowPageTraceBehavior [ RunTime:0.000000s ]
INFO: [ app_end ] --END-- [ RunTime:0.000000s ]

